{
    "relation": [
        [
            "#",
            "1.",
            "2.",
            "3.",
            "4.",
            "5.",
            "6.",
            "7.",
            "8.",
            "9.",
            "10.",
            "11.",
            "12.",
            "13.",
            "14.",
            "15.",
            "16.",
            "17.",
            "18.",
            "19.",
            "20."
        ],
        [
            "exclusive",
            "0.000",
            "",
            "0.000",
            "0.000",
            "0.000",
            "0.000",
            "0.000",
            "0.000",
            "0.000",
            "0.000",
            "0.000",
            "0.000",
            "0.000",
            "0.000",
            "0.000",
            "0.000",
            "0.000",
            "0.000",
            "0.000",
            "0.000"
        ],
        [
            "inclusive",
            "0.000",
            "",
            "0.000",
            "0.000",
            "0.000",
            "0.000",
            "0.000",
            "0.000",
            "0.000",
            "0.000",
            "0.000",
            "0.000",
            "0.000",
            "0.000",
            "0.000",
            "0.000",
            "0.000",
            "0.000",
            "0.000",
            "0.000"
        ],
        [
            "rows x",
            "\u2193 0.0",
            "",
            "\u2193 0.0",
            "\u2193 0.0",
            "\u2193 0.0",
            "\u2193 0.0",
            "\u2193 0.0",
            "\u2193 0.0",
            "\u2193 0.0",
            "\u2193 0.0",
            "\u2193 0.0",
            "\u2193 0.0",
            "\u2193 0.0",
            "\u2193 0.0",
            "\u2193 0.0",
            "\u2193 0.0",
            "\u2193 0.0",
            "\u2193 0.0",
            "\u2193 0.0",
            "\u2193 0.0"
        ],
        [
            "rows",
            "",
            "",
            "",
            "",
            "",
            "",
            "",
            "",
            "",
            "",
            "",
            "",
            "",
            "",
            "",
            "",
            "",
            "",
            "",
            ""
        ],
        [
            "loops",
            "",
            "",
            "",
            "",
            "",
            "",
            "",
            "",
            "",
            "",
            "",
            "",
            "",
            "",
            "",
            "",
            "",
            "",
            "",
            ""
        ],
        [
            "node",
            "\u2192 Sort (cost=37,038,713.42..37,166,487.90 rows=51,109,790 width=162) (actual rows= loops=) Merge Cond: (p.node_id = n.id) Merge Cond: (main.id = pa.portfolio_id) Merge Cond: (main.id = n.portfolio_id) Merge Cond: (main.id = cte_docs.id) Filter: ((ver_from_instant <= '2012-04-27 13:34:10.271'::timestamp without time zone) AND (ver_to_instant > '2012-04-27 13:34:10.271'::timestamp without time zone) AND (corr_from_instant <= '2012-04-27 13:34:10.271'::timestamp without time zone) AND (corr_to_instant > '2012-04-27 13:34:10.271'::timestamp without time zone) AND (visibility <= 25))",
            "CTE cte_docs",
            "\u2192 Sort (cost=7,607,942.10..7,646,077.58 rows=15,254,190 width=145) (actual rows= loops=)",
            "\u2192 Sort (cost=378,215.35..383,334.32 rows=2,047,588 width=19) (actual rows= loops=)",
            "\u2192 Sort (cost=173,285.53..175,850.52 rows=1,025,997 width=16) (actual rows= loops=)",
            "\u2192 Sort (cost=151,014.53..153,579.53 rows=1,025,997 width=8) (actual rows= loops=)",
            "\u2192 Seq Scan on prt_portfolio (cost=0.00..35,776.93 rows=1,025,997 width=16) (actual rows= loops=)",
            "\u2192 Seq Scan on prt_portfolio_attribute pa (cost=0.00..37,592.88 rows=2,047,588 width=19) (actual rows= loops=)",
            "\u2192 Merge Right Join (cost=7,608,017.86..9,355,991.33 rows=51,109,790 width=162) (actual rows= loops=)",
            "\u2192 Merge Left Join (cost=529,268.39..1,199,733.13 rows=15,254,190 width=145) (actual rows= loops=)",
            "\u2192 Merge Left Join (cost=529,229.88..626,759.01 rows=1,971,797 width=82) (actual rows= loops=)",
            "\u2192 Merge Join (cost=151,014.53..210,903.79 rows=1,025,997 width=71) (actual rows= loops=)",
            "\u2192 Materialize (cost=7,607,942.10..7,684,213.05 rows=15,254,190 width=145) (actual rows= loops=)",
            "\u2192 Materialize (cost=378,215.35..388,453.29 rows=2,047,588 width=19) (actual rows= loops=)",
            "\u2192 Materialize (cost=151,014.53..156,144.52 rows=1,025,997 width=8) (actual rows= loops=)",
            "\u2192 Materialize (cost=0.00..359,075.00 rows=7,937,306 width=71) (actual rows= loops=)",
            "\u2192 Index Scan using prt_portfolio_pkey on prt_portfolio main (cost=0.00..39,369.32 rows=1,025,997 width=71) (actual rows= loops=)",
            "\u2192 Index Scan using ix_prt_position_node_id on prt_position p (cost=0.00..902,552.31 rows=26,594,270 width=25) (actual rows= loops=)",
            "\u2192 Index Scan using ix_prt_node_portfolio_id on prt_node n (cost=0.00..339,231.73 rows=7,937,306 width=71) (actual rows= loops=)",
            "\u2192 CTE Scan on cte_docs (cost=0.00..20,519.94 rows=1,025,997 width=8) (actual rows= loops=)"
        ]
    ],
    "pageTitle": "mPj | explain.depesz.com",
    "title": "",
    "url": "http://explain.depesz.com/s/mPj",
    "hasHeader": true,
    "headerPosition": "FIRST_ROW",
    "tableType": "RELATION",
    "tableNum": 0,
    "s3Link": "common-crawl/crawl-data/CC-MAIN-2015-32/segments/1438042987228.91/warc/CC-MAIN-20150728002307-00065-ip-10-236-191-2.ec2.internal.warc.gz",
    "recordEndOffset": 87668535,
    "recordOffset": 87660396,
    "tableOrientation": "HORIZONTAL",
    "TableContextTimeStampAfterTable": "{24635=Copyright \u00a9 2009-2013 Hubert \"depesz\" Lubaczewski, \u0141ukasz \"metys\" Lewandowski}",
    "textBeforeTable": "STATS TEXT HTML 12v2hUztAk2LgzQ9H9LMwuU32urHMjZQnq Did it help? Consider supporting us - Bitcoin address: options Save settings loops rows rows x inclusive exclusive # Columns visibility: mixed rows x inclusive exclusive Colorize: Result: mPj login",
    "textAfterTable": "Sort Key: prt_portfolio.oid, prt_portfolio.id Sort Key: pa.portfolio_id Sort Key: n.id Sort Key: main.oid, main.id, n.tree_left, p.key_scheme, p.key_value Sort Key: cte_docs.id Sort (cost=37038713.42..37166487.90 rows=51109790 width=162) Merge Cond: (p.node_id = n.id) Merge Cond: (main.id = pa.portfolio_id) Merge Cond: (main.id = n.portfolio_id) Merge Cond: (main.id = cte_docs.id) Filter: ((ver_from_instant <= '2012-04-27 13:34:10.271'::timestamp without time zone) AND (ver_to_instant > '2012-04-27 13:34:10.271'::timestamp without time zone) AND (corr_from_instant <= '2012-04-27 13:34:10.271'::timestamp without time zone) AND (corr_to_instant > '2012-04-27 13:34:10.271'::timestamp without time zone) AND (visibility <= 25)) CTE cte_docs -> Sort (cost=7607942.10..7646077.58 rows=15254190 width=145) -> Sort (cost=378215.35..383334.32 rows=2047588 width=19) -> Sort (cost=173285.53..175850.52 rows=1025997 width=16) -> Sort (cost=151014.53..153579.53 rows=1025997 width=8) -> Seq Scan on prt_portfolio (cost=0.00..35776.93 rows=1025997 width=16) -> Seq Scan on prt_portfolio_attribute pa (cost=0.00..37592.88 rows=2047588 width=19) -> Merge Right Join (cost=7608017.86..9355991.33 rows=51109790 width=162) -> Merge Left Join (cost=529268.39..1199733.13 rows=15254190 width=145) -> Merge Left Join (cost=529229.88..626759.01 rows=1971797 width=82) -> Merge Join (cost=151014.53..210903.79 rows=1025997 width=71) -> Materialize (cost=7607942.10..7684213.05 rows=15254190 width=145) -> Materialize (cost=378215.35..388453.29 rows=2047588 width=19) -> Materialize (cost=151014.53..156144.52 rows=1025997 width=8) -> Materialize (cost=0.00..359075.00 rows=7937306 width=71) -> Index Scan using prt_portfolio_pkey on prt_portfolio main (cost=0.00..39369.32 rows=1025997 width=71) -> Index Scan using ix_prt_position_node_id on prt_position p (cost=0.00..902552.31 rows=26594270 width=25) -> Index Scan using ix_prt_node_portfolio_id on prt_node n (cost=0.00..339231.73 rows=7937306 width=71) -> CTE Scan on cte_docs (cost=0.00..20519.94 rows=1025997 width=8) Per node type stats node type count sum of times % of query CTE Scan 1 0.000 ms",
    "hasKeyColumn": false,
    "keyColumnIndex": -1,
    "headerRowIndex": 0
}